<?xml version="1.0" encoding="UTF-8" standalone="no"?>
<!DOCTYPE log SYSTEM "logger.dtd">
<log>
<record>
  <date>2015-06-12T09:23:15</date>
  <millis>1434072195793</millis>
  <sequence>0</sequence>
  <logger>jMetal</logger>
  <level>INFO</level>
  <class>jmetal.metaheuristics.spea2.SPEA2_main</class>
  <method>main</method>
  <thread>1</thread>
  <message>Total execution time: 3863ms</message>
</record>
<record>
  <date>2015-06-12T09:23:15</date>
  <millis>1434072195841</millis>
  <sequence>1</sequence>
  <logger>jMetal</logger>
  <level>INFO</level>
  <class>jmetal.metaheuristics.spea2.SPEA2_main</class>
  <method>main</method>
  <thread>1</thread>
  <message>Objectives values have been writen to file FUN</message>
</record>
<record>
  <date>2015-06-12T09:23:15</date>
  <millis>1434072195850</millis>
  <sequence>2</sequence>
  <logger>jMetal</logger>
  <level>INFO</level>
  <class>jmetal.metaheuristics.spea2.SPEA2_main</class>
  <method>main</method>
  <thread>1</thread>
  <message>Variables values have been writen to file VAR</message>
</record>
</log>
